#-----------------------------------------------------------
# Vivado v2018.3 (64-bit)
# SW Build 2405991 on Thu Dec  6 23:38:27 MST 2018
# IP Build 2404404 on Fri Dec  7 01:43:56 MST 2018
# Start of session at: Tue Apr 23 09:32:09 2019
# Process ID: 3756
# Current directory: C:/Users/cakulev2/ham/hamamatsu
# Command line: vivado.exe -gui_launcher_event rodinguilauncherevent10736 C:\Users\cakulev2\ham\hamamatsu\Christmas_Ham.xpr
# Log file: C:/Users/cakulev2/ham/hamamatsu/vivado.log
# Journal file: C:/Users/cakulev2/ham/hamamatsu\vivado.jou
#-----------------------------------------------------------
start_gui
open_project C:/Users/cakulev2/ham/hamamatsu/Christmas_Ham.xpr
Scanning sources...
Finished scanning sources
INFO: [IP_Flow 19-234] Refreshing IP repositories
INFO: [IP_Flow 19-1704] No user IP repositories specified
INFO: [IP_Flow 19-2313] Loaded Vivado IP repository 'C:/Xilinx/Vivado/2018.3/data/ip'.
open_project: Time (s): cpu = 00:00:13 ; elapsed = 00:00:07 . Memory (MB): peak = 750.887 ; gain = 152.324
update_compile_order -fileset sources_1
reset_run synth_1
update_compile_order -fileset sources_1
launch_runs impl_1 -to_step write_bitstream -jobs 4
[Tue Apr 23 09:36:25 2019] Launched synth_1...
Run output will be captured here: C:/Users/cakulev2/ham/hamamatsu/Christmas_Ham.runs/synth_1/runme.log
[Tue Apr 23 09:36:26 2019] Launched impl_1...
Run output will be captured here: C:/Users/cakulev2/ham/hamamatsu/Christmas_Ham.runs/impl_1/runme.log
open_run impl_1
INFO: [Netlist 29-17] Analyzing 425 Unisim elements for replacement
INFO: [Netlist 29-28] Unisim Transformation completed in 0 CPU seconds
INFO: [Project 1-479] Netlist was created with Vivado 2018.3
INFO: [Device 21-403] Loading part xc7a200tfbg484-1
INFO: [Project 1-570] Preparing netlist for logic optimization
INFO: [Timing 38-478] Restoring timing data from binary archive.
INFO: [Timing 38-479] Binary timing data restore complete.
INFO: [Project 1-856] Restoring constraints from binary archive.
INFO: [Project 1-853] Binary constraint restore complete.
Reading XDEF placement.
Reading placer database...
Reading XDEF routing.
Read XDEF File: Time (s): cpu = 00:00:00 ; elapsed = 00:00:00.558 . Memory (MB): peak = 1806.492 ; gain = 0.000
Restored from archive | CPU: 0.000000 secs | Memory: 0.000000 MB |
Finished XDEF File Restore: Time (s): cpu = 00:00:00 ; elapsed = 00:00:00.559 . Memory (MB): peak = 1806.492 ; gain = 0.000
Netlist sorting complete. Time (s): cpu = 00:00:00 ; elapsed = 00:00:00.004 . Memory (MB): peak = 1806.492 ; gain = 0.000
INFO: [Project 1-111] Unisim Transformation Summary:
  A total of 202 instances were transformed.
  CFGLUT5 => CFGLUT5 (SRLC32E, SRL16E): 164 instances
  RAM32M => RAM32M (RAMD32, RAMD32, RAMD32, RAMD32, RAMD32, RAMD32, RAMS32, RAMS32): 6 instances
  RAM64M => RAM64M (RAMD64E, RAMD64E, RAMD64E, RAMD64E): 32 instances

open_run: Time (s): cpu = 00:00:33 ; elapsed = 00:00:24 . Memory (MB): peak = 1971.160 ; gain = 844.969
open_hw
INFO: [Labtools 27-2285] Connecting to hw_server url TCP:localhost:3121
INFO: [Labtools 27-2222] Launching hw_server...
INFO: [Labtools 27-2221] Launch Output:

****** Xilinx hw_server v2018.3
  **** Build date : Dec  7 2018-00:40:27
    ** Copyright 1986-2018 Xilinx, Inc. All Rights Reserved.


connect_hw_server: Time (s): cpu = 00:00:02 ; elapsed = 00:00:10 . Memory (MB): peak = 2112.371 ; gain = 0.000
connect_hw_server -url localhost:3121
INFO: [Labtools 27-2285] Connecting to hw_server url TCP:localhost:3121
current_hw_target [get_hw_targets */xilinx_tcf/Xilinx/000018af8cf001]
set_property PARAM.FREQUENCY 3000000 [get_hw_targets */xilinx_tcf/Xilinx/000018af8cf001]
open_hw_target
INFO: [Labtoolstcl 44-466] Opening hw_target localhost:3121/xilinx_tcf/Xilinx/000018af8cf001
set_property PROGRAM.FILE {C:/Users/cakulev2/ham/hamamatsu/Christmas_Ham.runs/impl_1/hamamastu.bit} [get_hw_devices xc7a200t_0]
set_property PROBES.FILE {C:/Users/cakulev2/ham/hamamatsu/Christmas_Ham.runs/impl_1/hamamastu.ltx} [get_hw_devices xc7a200t_0]
set_property FULL_PROBES.FILE {C:/Users/cakulev2/ham/hamamatsu/Christmas_Ham.runs/impl_1/hamamastu.ltx} [get_hw_devices xc7a200t_0]
current_hw_device [get_hw_devices xc7a200t_0]
refresh_hw_device [lindex [get_hw_devices xc7a200t_0] 0]
INFO: [Labtools 27-1435] Device xc7a200t (JTAG device index = 0) is not programmed (DONE status = 0).
set_property PROBES.FILE {C:/Users/cakulev2/ham/hamamatsu/Christmas_Ham.runs/impl_1/hamamastu.ltx} [get_hw_devices xc7a200t_0]
set_property FULL_PROBES.FILE {C:/Users/cakulev2/ham/hamamatsu/Christmas_Ham.runs/impl_1/hamamastu.ltx} [get_hw_devices xc7a200t_0]
set_property PROGRAM.FILE {C:/Users/cakulev2/ham/hamamatsu/Christmas_Ham.runs/impl_1/hamamastu.bit} [get_hw_devices xc7a200t_0]
program_hw_devices [get_hw_devices xc7a200t_0]
INFO: [Labtools 27-3164] End of startup status: HIGH
program_hw_devices: Time (s): cpu = 00:00:09 ; elapsed = 00:00:09 . Memory (MB): peak = 3025.051 ; gain = 0.000
refresh_hw_device [lindex [get_hw_devices xc7a200t_0] 0]
INFO: [Labtools 27-2302] Device xc7a200t (JTAG device index = 0) is programmed with a design that has 1 ILA core(s).
display_hw_ila_data [ get_hw_ila_data hw_ila_data_1 -of_objects [get_hw_ilas -of_objects [get_hw_devices xc7a200t_0] -filter {CELL_NAME=~"ila_sample12"}]]
set_property CONTROL.CAPTURE_MODE BASIC [get_hw_ilas -of_objects [get_hw_devices xc7a200t_0] -filter {CELL_NAME=~"ila_sample12"}]
set_property CAPTURE_COMPARE_VALUE eq1'bB [get_hw_probes SPI_gen_CLK -of_objects [get_hw_ilas -of_objects [get_hw_devices xc7a200t_0] -filter {CELL_NAME=~"ila_sample12"}]]
set_property TRIGGER_COMPARE_VALUE eq1'b1 [get_hw_probes TrigerEvent -of_objects [get_hw_ilas -of_objects [get_hw_devices xc7a200t_0] -filter {CELL_NAME=~"ila_sample12"}]]
run_hw_ila [get_hw_ilas -of_objects [get_hw_devices xc7a200t_0] -filter {CELL_NAME=~"ila_sample12"}]
INFO: [Labtools 27-1964] The ILA core 'hw_ila_1' trigger was armed at 2019-Apr-23 09:43:33
reset_run synth_1
launch_runs impl_1 -to_step write_bitstream -jobs 4
[Tue Apr 23 09:45:37 2019] Launched synth_1...
Run output will be captured here: C:/Users/cakulev2/ham/hamamatsu/Christmas_Ham.runs/synth_1/runme.log
[Tue Apr 23 09:45:38 2019] Launched impl_1...
Run output will be captured here: C:/Users/cakulev2/ham/hamamatsu/Christmas_Ham.runs/impl_1/runme.log
reset_run synth_1
launch_runs impl_1 -to_step write_bitstream -jobs 4
[Tue Apr 23 09:46:21 2019] Launched synth_1...
Run output will be captured here: C:/Users/cakulev2/ham/hamamatsu/Christmas_Ham.runs/synth_1/runme.log
[Tue Apr 23 09:46:21 2019] Launched impl_1...
Run output will be captured here: C:/Users/cakulev2/ham/hamamatsu/Christmas_Ham.runs/impl_1/runme.log
reset_run impl_1
reset_run synth_1
launch_runs impl_1 -to_step write_bitstream -jobs 4
[Tue Apr 23 09:48:33 2019] Launched synth_1...
Run output will be captured here: C:/Users/cakulev2/ham/hamamatsu/Christmas_Ham.runs/synth_1/runme.log
[Tue Apr 23 09:48:33 2019] Launched impl_1...
Run output will be captured here: C:/Users/cakulev2/ham/hamamatsu/Christmas_Ham.runs/impl_1/runme.log
set_property PROBES.FILE {C:/Users/cakulev2/ham/hamamatsu/Christmas_Ham.runs/impl_1/hamamastu.ltx} [get_hw_devices xc7a200t_0]
set_property FULL_PROBES.FILE {C:/Users/cakulev2/ham/hamamatsu/Christmas_Ham.runs/impl_1/hamamastu.ltx} [get_hw_devices xc7a200t_0]
set_property PROGRAM.FILE {C:/Users/cakulev2/ham/hamamatsu/Christmas_Ham.runs/impl_1/hamamastu.bit} [get_hw_devices xc7a200t_0]
program_hw_devices [get_hw_devices xc7a200t_0]
INFO: [Labtools 27-3164] End of startup status: HIGH
program_hw_devices: Time (s): cpu = 00:00:10 ; elapsed = 00:00:09 . Memory (MB): peak = 3088.539 ; gain = 0.000
refresh_hw_device [lindex [get_hw_devices xc7a200t_0] 0]
INFO: [Labtools 27-2302] Device xc7a200t (JTAG device index = 0) is programmed with a design that has 1 ILA core(s).
run_hw_ila [get_hw_ilas -of_objects [get_hw_devices xc7a200t_0] -filter {CELL_NAME=~"ila_sample12"}]
INFO: [Labtools 27-1964] The ILA core 'hw_ila_1' trigger was armed at 2019-Apr-23 09:52:25
wait_on_hw_ila -timeout 0 [get_hw_ilas -of_objects [get_hw_devices xc7a200t_0] -filter {CELL_NAME=~"ila_sample12"}]
upload_hw_ila_data [get_hw_ilas -of_objects [get_hw_devices xc7a200t_0] -filter {CELL_NAME=~"ila_sample12"}]
INFO: [Labtools 27-1965] The ILA core 'hw_ila_1' trigger was stopped by user at 2019-Apr-23 09:54:14
WARNING: [Labtools 27-157] hw_ila [hw_ila_1] stopped. No data to upload.
reset_run synth_1
launch_runs impl_1 -to_step write_bitstream -jobs 4
[Tue Apr 23 09:54:50 2019] Launched synth_1...
Run output will be captured here: C:/Users/cakulev2/ham/hamamatsu/Christmas_Ham.runs/synth_1/runme.log
[Tue Apr 23 09:54:50 2019] Launched impl_1...
Run output will be captured here: C:/Users/cakulev2/ham/hamamatsu/Christmas_Ham.runs/impl_1/runme.log
reset_run impl_1
reset_run synth_1
launch_runs impl_1 -to_step write_bitstream -jobs 4 -scripts_only
reset_run synth_1
launch_runs impl_1 -to_step write_bitstream -jobs 4 -scripts_only
reset_run synth_1
launch_runs impl_1 -to_step write_bitstream -jobs 4
[Tue Apr 23 10:00:11 2019] Launched synth_1...
Run output will be captured here: C:/Users/cakulev2/ham/hamamatsu/Christmas_Ham.runs/synth_1/runme.log
[Tue Apr 23 10:00:11 2019] Launched impl_1...
Run output will be captured here: C:/Users/cakulev2/ham/hamamatsu/Christmas_Ham.runs/impl_1/runme.log
save_wave_config {C:/Users/cakulev2/ham/hamamatsu/Christmas_Ham.hw/hw_1/wave/hw_ila_data_1/hw_ila_data_1.wcfg}
close_hw
open_hw
INFO: [Labtools 27-2285] Connecting to hw_server url TCP:localhost:3121
connect_hw_server -url localhost:3121
INFO: [Labtools 27-2285] Connecting to hw_server url TCP:localhost:3121
current_hw_target [get_hw_targets */xilinx_tcf/Xilinx/000018af8cf001]
set_property PARAM.FREQUENCY 3000000 [get_hw_targets */xilinx_tcf/Xilinx/000018af8cf001]
open_hw_target
INFO: [Labtoolstcl 44-466] Opening hw_target localhost:3121/xilinx_tcf/Xilinx/000018af8cf001
set_property PROGRAM.FILE {C:/Users/cakulev2/ham/hamamatsu/Christmas_Ham.runs/impl_1/hamamastu.bit} [get_hw_devices xc7a200t_0]
set_property PROBES.FILE {C:/Users/cakulev2/ham/hamamatsu/Christmas_Ham.runs/impl_1/hamamastu.ltx} [get_hw_devices xc7a200t_0]
set_property FULL_PROBES.FILE {C:/Users/cakulev2/ham/hamamatsu/Christmas_Ham.runs/impl_1/hamamastu.ltx} [get_hw_devices xc7a200t_0]
current_hw_device [get_hw_devices xc7a200t_0]
refresh_hw_device [lindex [get_hw_devices xc7a200t_0] 0]
INFO: [Labtools 27-2302] Device xc7a200t (JTAG device index = 0) is programmed with a design that has 1 ILA core(s).
display_hw_ila_data [ get_hw_ila_data hw_ila_data_1 -of_objects [get_hw_ilas -of_objects [get_hw_devices xc7a200t_0] -filter {CELL_NAME=~"ila_sample12"}]]
set_property TRIGGER_COMPARE_VALUE eq1'bR [get_hw_probes TrigerEvent -of_objects [get_hw_ilas -of_objects [get_hw_devices xc7a200t_0] -filter {CELL_NAME=~"ila_sample12"}]]
set_property PROBES.FILE {C:/Users/cakulev2/ham/hamamatsu/Christmas_Ham.runs/impl_1/hamamastu.ltx} [get_hw_devices xc7a200t_0]
set_property FULL_PROBES.FILE {C:/Users/cakulev2/ham/hamamatsu/Christmas_Ham.runs/impl_1/hamamastu.ltx} [get_hw_devices xc7a200t_0]
set_property PROGRAM.FILE {C:/Users/cakulev2/ham/hamamatsu/Christmas_Ham.runs/impl_1/hamamastu.bit} [get_hw_devices xc7a200t_0]
program_hw_devices [get_hw_devices xc7a200t_0]
INFO: [Labtools 27-3164] End of startup status: HIGH
program_hw_devices: Time (s): cpu = 00:00:09 ; elapsed = 00:00:09 . Memory (MB): peak = 3229.660 ; gain = 0.000
refresh_hw_device [lindex [get_hw_devices xc7a200t_0] 0]
INFO: [Labtools 27-2302] Device xc7a200t (JTAG device index = 0) is programmed with a design that has 1 ILA core(s).
run_hw_ila [get_hw_ilas -of_objects [get_hw_devices xc7a200t_0] -filter {CELL_NAME=~"ila_sample12"}]
INFO: [Labtools 27-1964] The ILA core 'hw_ila_1' trigger was armed at 2019-Apr-23 10:05:25
reset_run synth_1
launch_runs impl_1 -to_step write_bitstream -jobs 4
[Tue Apr 23 10:10:05 2019] Launched synth_1...
Run output will be captured here: C:/Users/cakulev2/ham/hamamatsu/Christmas_Ham.runs/synth_1/runme.log
[Tue Apr 23 10:10:05 2019] Launched impl_1...
Run output will be captured here: C:/Users/cakulev2/ham/hamamatsu/Christmas_Ham.runs/impl_1/runme.log
wait_on_hw_ila -timeout 0 [get_hw_ilas -of_objects [get_hw_devices xc7a200t_0] -filter {CELL_NAME=~"ila_sample12"}]
upload_hw_ila_data [get_hw_ilas -of_objects [get_hw_devices xc7a200t_0] -filter {CELL_NAME=~"ila_sample12"}]
INFO: [Labtools 27-1965] The ILA core 'hw_ila_1' trigger was stopped by user at 2019-Apr-23 10:13:19
WARNING: [Labtools 27-157] hw_ila [hw_ila_1] stopped. No data to upload.
set_property PROBES.FILE {C:/Users/cakulev2/ham/hamamatsu/Christmas_Ham.runs/impl_1/hamamastu.ltx} [get_hw_devices xc7a200t_0]
set_property FULL_PROBES.FILE {C:/Users/cakulev2/ham/hamamatsu/Christmas_Ham.runs/impl_1/hamamastu.ltx} [get_hw_devices xc7a200t_0]
set_property PROGRAM.FILE {C:/Users/cakulev2/ham/hamamatsu/Christmas_Ham.runs/impl_1/hamamastu.bit} [get_hw_devices xc7a200t_0]
program_hw_devices [get_hw_devices xc7a200t_0]
INFO: [Labtools 27-3164] End of startup status: HIGH
program_hw_devices: Time (s): cpu = 00:00:10 ; elapsed = 00:00:09 . Memory (MB): peak = 3229.660 ; gain = 0.000
refresh_hw_device [lindex [get_hw_devices xc7a200t_0] 0]
INFO: [Labtools 27-2302] Device xc7a200t (JTAG device index = 0) is programmed with a design that has 1 ILA core(s).
run_hw_ila [get_hw_ilas -of_objects [get_hw_devices xc7a200t_0] -filter {CELL_NAME=~"ila_sample12"}]
INFO: [Labtools 27-1964] The ILA core 'hw_ila_1' trigger was armed at 2019-Apr-23 10:13:47
WARNING: [IP_Flow 19-4067] Ignoring invalid widget type specified checkbox.Providing a default widget
WARNING: [IP_Flow 19-4331] Invalid usage of property - Setting value property on PARAM_VALUE.ALL_PROBE_SAME_MU is not allowed in procedure update_gui_for_PARAM_VALUE.C_ADV_TRIGGER
reset_run synth_1
launch_runs impl_1 -to_step write_bitstream -jobs 4
[Tue Apr 23 10:17:32 2019] Launched synth_1...
Run output will be captured here: C:/Users/cakulev2/ham/hamamatsu/Christmas_Ham.runs/synth_1/runme.log
[Tue Apr 23 10:17:32 2019] Launched impl_1...
Run output will be captured here: C:/Users/cakulev2/ham/hamamatsu/Christmas_Ham.runs/impl_1/runme.log
set_property PROBES.FILE {C:/Users/cakulev2/ham/hamamatsu/Christmas_Ham.runs/impl_1/hamamastu.ltx} [get_hw_devices xc7a200t_0]
set_property FULL_PROBES.FILE {C:/Users/cakulev2/ham/hamamatsu/Christmas_Ham.runs/impl_1/hamamastu.ltx} [get_hw_devices xc7a200t_0]
set_property PROGRAM.FILE {C:/Users/cakulev2/ham/hamamatsu/Christmas_Ham.runs/impl_1/hamamastu.bit} [get_hw_devices xc7a200t_0]
program_hw_devices [get_hw_devices xc7a200t_0]
INFO: [Labtools 27-3164] End of startup status: HIGH
program_hw_devices: Time (s): cpu = 00:00:10 ; elapsed = 00:00:10 . Memory (MB): peak = 3241.820 ; gain = 0.000
refresh_hw_device [lindex [get_hw_devices xc7a200t_0] 0]
INFO: [Labtools 27-2302] Device xc7a200t (JTAG device index = 0) is programmed with a design that has 1 ILA core(s).
run_hw_ila [get_hw_ilas -of_objects [get_hw_devices xc7a200t_0] -filter {CELL_NAME=~"ila_sample12"}]
INFO: [Labtools 27-1964] The ILA core 'hw_ila_1' trigger was armed at 2019-Apr-23 10:21:17
set_property CONTROL.TRIGGER_POSITION 0 [get_hw_ilas -of_objects [get_hw_devices xc7a200t_0] -filter {CELL_NAME=~"ila_sample12"}]
set_property TRIGGER_COMPARE_VALUE eq1'b1 [get_hw_probes TrigerEvent -of_objects [get_hw_ilas -of_objects [get_hw_devices xc7a200t_0] -filter {CELL_NAME=~"ila_sample12"}]]
wait_on_hw_ila -timeout 0 [get_hw_ilas -of_objects [get_hw_devices xc7a200t_0] -filter {CELL_NAME=~"ila_sample12"}]
upload_hw_ila_data [get_hw_ilas -of_objects [get_hw_devices xc7a200t_0] -filter {CELL_NAME=~"ila_sample12"}]
INFO: [Labtools 27-1965] The ILA core 'hw_ila_1' trigger was stopped by user at 2019-Apr-23 10:25:24
WARNING: [Labtools 27-157] hw_ila [hw_ila_1] stopped. No data to upload.
run_hw_ila [get_hw_ilas -of_objects [get_hw_devices xc7a200t_0] -filter {CELL_NAME=~"ila_sample12"}]
INFO: [Labtools 27-1964] The ILA core 'hw_ila_1' trigger was armed at 2019-Apr-23 10:25:25
set_property TRIGGER_COMPARE_VALUE eq1'bR [get_hw_probes TrigerEvent -of_objects [get_hw_ilas -of_objects [get_hw_devices xc7a200t_0] -filter {CELL_NAME=~"ila_sample12"}]]
wait_on_hw_ila -timeout 0 [get_hw_ilas -of_objects [get_hw_devices xc7a200t_0] -filter {CELL_NAME=~"ila_sample12"}]
upload_hw_ila_data [get_hw_ilas -of_objects [get_hw_devices xc7a200t_0] -filter {CELL_NAME=~"ila_sample12"}]
INFO: [Labtools 27-1965] The ILA core 'hw_ila_1' trigger was stopped by user at 2019-Apr-23 10:26:50
WARNING: [Labtools 27-157] hw_ila [hw_ila_1] stopped. No data to upload.
run_hw_ila [get_hw_ilas -of_objects [get_hw_devices xc7a200t_0] -filter {CELL_NAME=~"ila_sample12"}]
INFO: [Labtools 27-1964] The ILA core 'hw_ila_1' trigger was armed at 2019-Apr-23 10:26:51
reset_run synth_1
launch_runs impl_1 -to_step write_bitstream -jobs 4
[Tue Apr 23 10:30:28 2019] Launched synth_1...
Run output will be captured here: C:/Users/cakulev2/ham/hamamatsu/Christmas_Ham.runs/synth_1/runme.log
[Tue Apr 23 10:30:28 2019] Launched impl_1...
Run output will be captured here: C:/Users/cakulev2/ham/hamamatsu/Christmas_Ham.runs/impl_1/runme.log
set_property PROBES.FILE {C:/Users/cakulev2/ham/hamamatsu/Christmas_Ham.runs/impl_1/hamamastu.ltx} [get_hw_devices xc7a200t_0]
set_property FULL_PROBES.FILE {C:/Users/cakulev2/ham/hamamatsu/Christmas_Ham.runs/impl_1/hamamastu.ltx} [get_hw_devices xc7a200t_0]
set_property PROGRAM.FILE {C:/Users/cakulev2/ham/hamamatsu/Christmas_Ham.runs/impl_1/hamamastu.bit} [get_hw_devices xc7a200t_0]
program_hw_devices [get_hw_devices xc7a200t_0]
INFO: [Labtools 27-3164] End of startup status: HIGH
program_hw_devices: Time (s): cpu = 00:00:11 ; elapsed = 00:00:10 . Memory (MB): peak = 3250.934 ; gain = 0.000
refresh_hw_device [lindex [get_hw_devices xc7a200t_0] 0]
INFO: [Labtools 27-2302] Device xc7a200t (JTAG device index = 0) is programmed with a design that has 1 ILA core(s).
run_hw_ila [get_hw_ilas -of_objects [get_hw_devices xc7a200t_0] -filter {CELL_NAME=~"ila_sample12"}]
INFO: [Labtools 27-1964] The ILA core 'hw_ila_1' trigger was armed at 2019-Apr-23 10:34:25
set_property TRIGGER_COMPARE_VALUE eq1'b1 [get_hw_probes TrigerEvent -of_objects [get_hw_ilas -of_objects [get_hw_devices xc7a200t_0] -filter {CELL_NAME=~"ila_sample12"}]]
reset_run synth_1
launch_runs impl_1 -to_step write_bitstream -jobs 4
[Tue Apr 23 10:36:58 2019] Launched synth_1...
Run output will be captured here: C:/Users/cakulev2/ham/hamamatsu/Christmas_Ham.runs/synth_1/runme.log
[Tue Apr 23 10:36:58 2019] Launched impl_1...
Run output will be captured here: C:/Users/cakulev2/ham/hamamatsu/Christmas_Ham.runs/impl_1/runme.log
set_property PROBES.FILE {C:/Users/cakulev2/ham/hamamatsu/Christmas_Ham.runs/impl_1/hamamastu.ltx} [get_hw_devices xc7a200t_0]
set_property FULL_PROBES.FILE {C:/Users/cakulev2/ham/hamamatsu/Christmas_Ham.runs/impl_1/hamamastu.ltx} [get_hw_devices xc7a200t_0]
set_property PROGRAM.FILE {C:/Users/cakulev2/ham/hamamatsu/Christmas_Ham.runs/impl_1/hamamastu.bit} [get_hw_devices xc7a200t_0]
program_hw_devices [get_hw_devices xc7a200t_0]
INFO: [Labtools 27-3164] End of startup status: HIGH
program_hw_devices: Time (s): cpu = 00:00:09 ; elapsed = 00:00:09 . Memory (MB): peak = 3252.273 ; gain = 0.000
refresh_hw_device [lindex [get_hw_devices xc7a200t_0] 0]
INFO: [Labtools 27-2302] Device xc7a200t (JTAG device index = 0) is programmed with a design that has 1 ILA core(s).
run_hw_ila [get_hw_ilas -of_objects [get_hw_devices xc7a200t_0] -filter {CELL_NAME=~"ila_sample12"}]
INFO: [Labtools 27-1964] The ILA core 'hw_ila_1' trigger was armed at 2019-Apr-23 10:41:37
reset_run synth_1
launch_runs impl_1 -to_step write_bitstream -jobs 4
[Tue Apr 23 10:44:52 2019] Launched synth_1...
Run output will be captured here: C:/Users/cakulev2/ham/hamamatsu/Christmas_Ham.runs/synth_1/runme.log
[Tue Apr 23 10:44:52 2019] Launched impl_1...
Run output will be captured here: C:/Users/cakulev2/ham/hamamatsu/Christmas_Ham.runs/impl_1/runme.log
set_property PROBES.FILE {C:/Users/cakulev2/ham/hamamatsu/Christmas_Ham.runs/impl_1/hamamastu.ltx} [get_hw_devices xc7a200t_0]
set_property FULL_PROBES.FILE {C:/Users/cakulev2/ham/hamamatsu/Christmas_Ham.runs/impl_1/hamamastu.ltx} [get_hw_devices xc7a200t_0]
set_property PROGRAM.FILE {C:/Users/cakulev2/ham/hamamatsu/Christmas_Ham.runs/impl_1/hamamastu.bit} [get_hw_devices xc7a200t_0]
program_hw_devices [get_hw_devices xc7a200t_0]
INFO: [Labtools 27-3164] End of startup status: HIGH
program_hw_devices: Time (s): cpu = 00:00:09 ; elapsed = 00:00:10 . Memory (MB): peak = 3252.273 ; gain = 0.000
refresh_hw_device [lindex [get_hw_devices xc7a200t_0] 0]
INFO: [Labtools 27-2302] Device xc7a200t (JTAG device index = 0) is programmed with a design that has 1 ILA core(s).
run_hw_ila [get_hw_ilas -of_objects [get_hw_devices xc7a200t_0] -filter {CELL_NAME=~"ila_sample12"}]
INFO: [Labtools 27-1964] The ILA core 'hw_ila_1' trigger was armed at 2019-Apr-23 10:49:01
set_property TRIGGER_COMPARE_VALUE eq1'bR [get_hw_probes TrigerEvent -of_objects [get_hw_ilas -of_objects [get_hw_devices xc7a200t_0] -filter {CELL_NAME=~"ila_sample12"}]]
set_property PROBES.FILE {C:/Users/cakulev2/ham/hamamatsu/Christmas_Ham.runs/impl_1/hamamastu.ltx} [get_hw_devices xc7a200t_0]
set_property FULL_PROBES.FILE {C:/Users/cakulev2/ham/hamamatsu/Christmas_Ham.runs/impl_1/hamamastu.ltx} [get_hw_devices xc7a200t_0]
set_property PROGRAM.FILE {C:/Users/cakulev2/ham/hamamatsu/Christmas_Ham.runs/impl_1/hamamastu.bit} [get_hw_devices xc7a200t_0]
program_hw_devices [get_hw_devices xc7a200t_0]
INFO: [Labtools 27-3164] End of startup status: HIGH
program_hw_devices: Time (s): cpu = 00:00:10 ; elapsed = 00:00:10 . Memory (MB): peak = 3252.273 ; gain = 0.000
refresh_hw_device [lindex [get_hw_devices xc7a200t_0] 0]
INFO: [Labtools 27-2302] Device xc7a200t (JTAG device index = 0) is programmed with a design that has 1 ILA core(s).
run_hw_ila [get_hw_ilas -of_objects [get_hw_devices xc7a200t_0] -filter {CELL_NAME=~"ila_sample12"}]
INFO: [Labtools 27-1964] The ILA core 'hw_ila_1' trigger was armed at 2019-Apr-23 10:49:36
reset_run synth_1
launch_runs impl_1 -to_step write_bitstream -jobs 4
[Tue Apr 23 10:50:45 2019] Launched synth_1...
Run output will be captured here: C:/Users/cakulev2/ham/hamamatsu/Christmas_Ham.runs/synth_1/runme.log
[Tue Apr 23 10:50:45 2019] Launched impl_1...
Run output will be captured here: C:/Users/cakulev2/ham/hamamatsu/Christmas_Ham.runs/impl_1/runme.log
set_property PROBES.FILE {C:/Users/cakulev2/ham/hamamatsu/Christmas_Ham.runs/impl_1/hamamastu.ltx} [get_hw_devices xc7a200t_0]
set_property FULL_PROBES.FILE {C:/Users/cakulev2/ham/hamamatsu/Christmas_Ham.runs/impl_1/hamamastu.ltx} [get_hw_devices xc7a200t_0]
set_property PROGRAM.FILE {C:/Users/cakulev2/ham/hamamatsu/Christmas_Ham.runs/impl_1/hamamastu.bit} [get_hw_devices xc7a200t_0]
program_hw_devices [get_hw_devices xc7a200t_0]
INFO: [Labtools 27-3164] End of startup status: HIGH
program_hw_devices: Time (s): cpu = 00:00:10 ; elapsed = 00:00:10 . Memory (MB): peak = 3252.695 ; gain = 0.000
refresh_hw_device [lindex [get_hw_devices xc7a200t_0] 0]
INFO: [Labtools 27-2302] Device xc7a200t (JTAG device index = 0) is programmed with a design that has 1 ILA core(s).
run_hw_ila [get_hw_ilas -of_objects [get_hw_devices xc7a200t_0] -filter {CELL_NAME=~"ila_sample12"}]
INFO: [Labtools 27-1964] The ILA core 'hw_ila_1' trigger was armed at 2019-Apr-23 10:56:11
set_property CONTROL.DATA_DEPTH 128 [get_hw_ilas -of_objects [get_hw_devices xc7a200t_0] -filter {CELL_NAME=~"ila_sample12"}]
set_property PROBES.FILE {C:/Users/cakulev2/ham/hamamatsu/Christmas_Ham.runs/impl_1/hamamastu.ltx} [get_hw_devices xc7a200t_0]
set_property FULL_PROBES.FILE {C:/Users/cakulev2/ham/hamamatsu/Christmas_Ham.runs/impl_1/hamamastu.ltx} [get_hw_devices xc7a200t_0]
set_property PROGRAM.FILE {C:/Users/cakulev2/ham/hamamatsu/Christmas_Ham.runs/impl_1/hamamastu.bit} [get_hw_devices xc7a200t_0]
program_hw_devices [get_hw_devices xc7a200t_0]
INFO: [Labtools 27-3164] End of startup status: HIGH
program_hw_devices: Time (s): cpu = 00:00:12 ; elapsed = 00:00:11 . Memory (MB): peak = 3252.695 ; gain = 0.000
refresh_hw_device [lindex [get_hw_devices xc7a200t_0] 0]
INFO: [Labtools 27-2302] Device xc7a200t (JTAG device index = 0) is programmed with a design that has 1 ILA core(s).
run_hw_ila [get_hw_ilas -of_objects [get_hw_devices xc7a200t_0] -filter {CELL_NAME=~"ila_sample12"}]
INFO: [Labtools 27-1964] The ILA core 'hw_ila_1' trigger was armed at 2019-Apr-23 10:57:20
set_property PROBES.FILE {C:/Users/cakulev2/ham/hamamatsu/Christmas_Ham.runs/impl_1/hamamastu.ltx} [get_hw_devices xc7a200t_0]
set_property FULL_PROBES.FILE {C:/Users/cakulev2/ham/hamamatsu/Christmas_Ham.runs/impl_1/hamamastu.ltx} [get_hw_devices xc7a200t_0]
set_property PROGRAM.FILE {C:/Users/cakulev2/ham/hamamatsu/Christmas_Ham.runs/impl_1/hamamastu.bit} [get_hw_devices xc7a200t_0]
program_hw_devices [get_hw_devices xc7a200t_0]
INFO: [Labtools 27-3164] End of startup status: HIGH
program_hw_devices: Time (s): cpu = 00:00:11 ; elapsed = 00:00:10 . Memory (MB): peak = 3252.695 ; gain = 0.000
refresh_hw_device [lindex [get_hw_devices xc7a200t_0] 0]
INFO: [Labtools 27-2302] Device xc7a200t (JTAG device index = 0) is programmed with a design that has 1 ILA core(s).
run_hw_ila [get_hw_ilas -of_objects [get_hw_devices xc7a200t_0] -filter {CELL_NAME=~"ila_sample12"}]
INFO: [Labtools 27-1964] The ILA core 'hw_ila_1' trigger was armed at 2019-Apr-23 10:57:37
WARNING: [IP_Flow 19-4067] Ignoring invalid widget type specified checkbox.Providing a default widget
WARNING: [IP_Flow 19-4331] Invalid usage of property - Setting value property on PARAM_VALUE.ALL_PROBE_SAME_MU is not allowed in procedure update_gui_for_PARAM_VALUE.C_ADV_TRIGGER
set_property -dict [list CONFIG.C_PROBE0_WIDTH {32}] [get_ips ila_0]
generate_target all [get_files  C:/Users/cakulev2/ham/hamamatsu/Christmas_Ham.srcs/sources_1/ip/ila_0/ila_0.xci]
INFO: [IP_Flow 19-1686] Generating 'Instantiation Template' target for IP 'ila_0'...
INFO: [IP_Flow 19-1686] Generating 'Synthesis' target for IP 'ila_0'...
WARNING: [IP_Flow 19-4994] Overwriting existing constraint file 'c:/Users/cakulev2/ham/hamamatsu/Christmas_Ham.srcs/sources_1/ip/ila_0/ila_0_ooc.xdc'
INFO: [IP_Flow 19-1686] Generating 'Simulation' target for IP 'ila_0'...
INFO: [IP_Flow 19-1686] Generating 'Implementation' target for IP 'ila_0'...
INFO: [IP_Flow 19-1686] Generating 'Change Log' target for IP 'ila_0'...
catch { config_ip_cache -export [get_ips -all ila_0] }
export_ip_user_files -of_objects [get_files C:/Users/cakulev2/ham/hamamatsu/Christmas_Ham.srcs/sources_1/ip/ila_0/ila_0.xci] -no_script -sync -force -quiet
reset_run ila_0_synth_1
launch_runs -jobs 4 ila_0_synth_1
[Tue Apr 23 10:58:32 2019] Launched ila_0_synth_1...
Run output will be captured here: C:/Users/cakulev2/ham/hamamatsu/Christmas_Ham.runs/ila_0_synth_1/runme.log
export_simulation -of_objects [get_files C:/Users/cakulev2/ham/hamamatsu/Christmas_Ham.srcs/sources_1/ip/ila_0/ila_0.xci] -directory C:/Users/cakulev2/ham/hamamatsu/Christmas_Ham.ip_user_files/sim_scripts -ip_user_files_dir C:/Users/cakulev2/ham/hamamatsu/Christmas_Ham.ip_user_files -ipstatic_source_dir C:/Users/cakulev2/ham/hamamatsu/Christmas_Ham.ip_user_files/ipstatic -lib_map_path [list {modelsim=C:/Users/cakulev2/ham/hamamatsu/Christmas_Ham.cache/compile_simlib/modelsim} {questa=C:/Users/cakulev2/ham/hamamatsu/Christmas_Ham.cache/compile_simlib/questa} {riviera=C:/Users/cakulev2/ham/hamamatsu/Christmas_Ham.cache/compile_simlib/riviera} {activehdl=C:/Users/cakulev2/ham/hamamatsu/Christmas_Ham.cache/compile_simlib/activehdl}] -use_ip_compiled_libs -force -quiet
set_property PROBES.FILE {C:/Users/cakulev2/ham/hamamatsu/Christmas_Ham.runs/impl_1/hamamastu.ltx} [get_hw_devices xc7a200t_0]
set_property FULL_PROBES.FILE {C:/Users/cakulev2/ham/hamamatsu/Christmas_Ham.runs/impl_1/hamamastu.ltx} [get_hw_devices xc7a200t_0]
set_property PROGRAM.FILE {C:/Users/cakulev2/ham/hamamatsu/Christmas_Ham.runs/impl_1/hamamastu.bit} [get_hw_devices xc7a200t_0]
program_hw_devices [get_hw_devices xc7a200t_0]
INFO: [Labtools 27-3164] End of startup status: HIGH
program_hw_devices: Time (s): cpu = 00:00:11 ; elapsed = 00:00:10 . Memory (MB): peak = 3292.840 ; gain = 0.000
refresh_hw_device [lindex [get_hw_devices xc7a200t_0] 0]
INFO: [Labtools 27-2302] Device xc7a200t (JTAG device index = 0) is programmed with a design that has 1 ILA core(s).
run_hw_ila [get_hw_ilas -of_objects [get_hw_devices xc7a200t_0] -filter {CELL_NAME=~"ila_sample12"}]
INFO: [Labtools 27-1964] The ILA core 'hw_ila_1' trigger was armed at 2019-Apr-23 10:59:26
save_wave_config {C:/Users/cakulev2/ham/hamamatsu/Christmas_Ham.hw/hw_1/wave/hw_ila_data_1/hw_ila_data_1.wcfg}
close_hw
open_hw
INFO: [Labtools 27-2285] Connecting to hw_server url TCP:localhost:3121
connect_hw_server -url localhost:3121
INFO: [Labtools 27-2285] Connecting to hw_server url TCP:localhost:3121
current_hw_target [get_hw_targets */xilinx_tcf/Xilinx/000018af8cf001]
set_property PARAM.FREQUENCY 1500000 [get_hw_targets */xilinx_tcf/Xilinx/000018af8cf001]
open_hw_target
INFO: [Labtoolstcl 44-466] Opening hw_target localhost:3121/xilinx_tcf/Xilinx/000018af8cf001
set_property PROGRAM.FILE {C:/Users/cakulev2/ham/hamamatsu/Christmas_Ham.runs/impl_1/hamamastu.bit} [get_hw_devices xc7a200t_0]
set_property PROBES.FILE {C:/Users/cakulev2/ham/hamamatsu/Christmas_Ham.runs/impl_1/hamamastu.ltx} [get_hw_devices xc7a200t_0]
set_property FULL_PROBES.FILE {C:/Users/cakulev2/ham/hamamatsu/Christmas_Ham.runs/impl_1/hamamastu.ltx} [get_hw_devices xc7a200t_0]
current_hw_device [get_hw_devices xc7a200t_0]
refresh_hw_device [lindex [get_hw_devices xc7a200t_0] 0]
INFO: [Labtools 27-2302] Device xc7a200t (JTAG device index = 0) is programmed with a design that has 1 ILA core(s).
display_hw_ila_data [ get_hw_ila_data hw_ila_data_1 -of_objects [get_hw_ilas -of_objects [get_hw_devices xc7a200t_0] -filter {CELL_NAME=~"ila_sample12"}]]
set_property PROBES.FILE {C:/Users/cakulev2/ham/hamamatsu/Christmas_Ham.runs/impl_1/hamamastu.ltx} [get_hw_devices xc7a200t_0]
set_property FULL_PROBES.FILE {C:/Users/cakulev2/ham/hamamatsu/Christmas_Ham.runs/impl_1/hamamastu.ltx} [get_hw_devices xc7a200t_0]
set_property PROGRAM.FILE {C:/Users/cakulev2/ham/hamamatsu/Christmas_Ham.runs/impl_1/hamamastu.bit} [get_hw_devices xc7a200t_0]
program_hw_devices [get_hw_devices xc7a200t_0]
INFO: [Labtools 27-3164] End of startup status: HIGH
program_hw_devices: Time (s): cpu = 00:00:19 ; elapsed = 00:00:19 . Memory (MB): peak = 3295.242 ; gain = 0.000
refresh_hw_device [lindex [get_hw_devices xc7a200t_0] 0]
INFO: [Labtools 27-2302] Device xc7a200t (JTAG device index = 0) is programmed with a design that has 1 ILA core(s).
run_hw_ila [get_hw_ilas -of_objects [get_hw_devices xc7a200t_0] -filter {CELL_NAME=~"ila_sample12"}]
INFO: [Labtools 27-1964] The ILA core 'hw_ila_1' trigger was armed at 2019-Apr-23 11:03:03
reset_run synth_1
launch_runs impl_1 -to_step write_bitstream -jobs 4
[Tue Apr 23 11:04:54 2019] Launched synth_1...
Run output will be captured here: C:/Users/cakulev2/ham/hamamatsu/Christmas_Ham.runs/synth_1/runme.log
[Tue Apr 23 11:04:54 2019] Launched impl_1...
Run output will be captured here: C:/Users/cakulev2/ham/hamamatsu/Christmas_Ham.runs/impl_1/runme.log
set_property PROBES.FILE {C:/Users/cakulev2/ham/hamamatsu/Christmas_Ham.runs/impl_1/hamamastu.ltx} [get_hw_devices xc7a200t_0]
set_property FULL_PROBES.FILE {C:/Users/cakulev2/ham/hamamatsu/Christmas_Ham.runs/impl_1/hamamastu.ltx} [get_hw_devices xc7a200t_0]
set_property PROGRAM.FILE {C:/Users/cakulev2/ham/hamamatsu/Christmas_Ham.runs/impl_1/hamamastu.bit} [get_hw_devices xc7a200t_0]
program_hw_devices [get_hw_devices xc7a200t_0]
INFO: [Labtools 27-3164] End of startup status: HIGH
program_hw_devices: Time (s): cpu = 00:00:17 ; elapsed = 00:00:17 . Memory (MB): peak = 3295.242 ; gain = 0.000
refresh_hw_device [lindex [get_hw_devices xc7a200t_0] 0]
INFO: [Labtools 27-2302] Device xc7a200t (JTAG device index = 0) is programmed with a design that has 1 ILA core(s).
add_wave -into {hw_ila_data_1.wcfg} -radix hex { {rw_flag} }
run_hw_ila [get_hw_ilas -of_objects [get_hw_devices xc7a200t_0] -filter {CELL_NAME=~"ila_sample12"}]
INFO: [Labtools 27-1964] The ILA core 'hw_ila_1' trigger was armed at 2019-Apr-23 11:12:02
set_property CONTROL.DATA_DEPTH 1 [get_hw_ilas -of_objects [get_hw_devices xc7a200t_0] -filter {CELL_NAME=~"ila_sample12"}]
set_property PROBES.FILE {C:/Users/cakulev2/ham/hamamatsu/Christmas_Ham.runs/impl_1/hamamastu.ltx} [get_hw_devices xc7a200t_0]
set_property FULL_PROBES.FILE {C:/Users/cakulev2/ham/hamamatsu/Christmas_Ham.runs/impl_1/hamamastu.ltx} [get_hw_devices xc7a200t_0]
set_property PROGRAM.FILE {C:/Users/cakulev2/ham/hamamatsu/Christmas_Ham.runs/impl_1/hamamastu.bit} [get_hw_devices xc7a200t_0]
program_hw_devices [get_hw_devices xc7a200t_0]
INFO: [Labtools 27-3164] End of startup status: HIGH
program_hw_devices: Time (s): cpu = 00:00:18 ; elapsed = 00:00:18 . Memory (MB): peak = 3295.242 ; gain = 0.000
refresh_hw_device [lindex [get_hw_devices xc7a200t_0] 0]
INFO: [Labtools 27-2302] Device xc7a200t (JTAG device index = 0) is programmed with a design that has 1 ILA core(s).
run_hw_ila [get_hw_ilas -of_objects [get_hw_devices xc7a200t_0] -filter {CELL_NAME=~"ila_sample12"}]
INFO: [Labtools 27-1964] The ILA core 'hw_ila_1' trigger was armed at 2019-Apr-23 11:13:10
wait_on_hw_ila [get_hw_ilas -of_objects [get_hw_devices xc7a200t_0] -filter {CELL_NAME=~"ila_sample12"}]
display_hw_ila_data [upload_hw_ila_data [get_hw_ilas -of_objects [get_hw_devices xc7a200t_0] -filter {CELL_NAME=~"ila_sample12"}]]
INFO: [Labtools 27-1966] The ILA core 'hw_ila_1' triggered at 2019-Apr-23 11:13:18
INFO: [Labtools 27-3304] ILA Waveform data saved to file C:/Users/cakulev2/ham/hamamatsu/Christmas_Ham.hw/backup/hw_ila_data_1.ila. Use Tcl command 'read_hw_ila_data' or Vivado File->Import->Import ILA Data menu item to import the previously saved data.
set_property CONTROL.DATA_DEPTH 2 [get_hw_ilas -of_objects [get_hw_devices xc7a200t_0] -filter {CELL_NAME=~"ila_sample12"}]
set_property PROBES.FILE {C:/Users/cakulev2/ham/hamamatsu/Christmas_Ham.runs/impl_1/hamamastu.ltx} [get_hw_devices xc7a200t_0]
set_property FULL_PROBES.FILE {C:/Users/cakulev2/ham/hamamatsu/Christmas_Ham.runs/impl_1/hamamastu.ltx} [get_hw_devices xc7a200t_0]
set_property PROGRAM.FILE {C:/Users/cakulev2/ham/hamamatsu/Christmas_Ham.runs/impl_1/hamamastu.bit} [get_hw_devices xc7a200t_0]
program_hw_devices [get_hw_devices xc7a200t_0]
INFO: [Labtools 27-3164] End of startup status: HIGH
program_hw_devices: Time (s): cpu = 00:00:18 ; elapsed = 00:00:18 . Memory (MB): peak = 3295.242 ; gain = 0.000
refresh_hw_device [lindex [get_hw_devices xc7a200t_0] 0]
INFO: [Labtools 27-2302] Device xc7a200t (JTAG device index = 0) is programmed with a design that has 1 ILA core(s).
run_hw_ila [get_hw_ilas -of_objects [get_hw_devices xc7a200t_0] -filter {CELL_NAME=~"ila_sample12"}]
INFO: [Labtools 27-1964] The ILA core 'hw_ila_1' trigger was armed at 2019-Apr-23 11:15:24
reset_run synth_1
launch_runs impl_1 -to_step write_bitstream -jobs 4
[Tue Apr 23 11:17:50 2019] Launched synth_1...
Run output will be captured here: C:/Users/cakulev2/ham/hamamatsu/Christmas_Ham.runs/synth_1/runme.log
[Tue Apr 23 11:17:50 2019] Launched impl_1...
Run output will be captured here: C:/Users/cakulev2/ham/hamamatsu/Christmas_Ham.runs/impl_1/runme.log
set_property PROBES.FILE {C:/Users/cakulev2/ham/hamamatsu/Christmas_Ham.runs/impl_1/hamamastu.ltx} [get_hw_devices xc7a200t_0]
set_property FULL_PROBES.FILE {C:/Users/cakulev2/ham/hamamatsu/Christmas_Ham.runs/impl_1/hamamastu.ltx} [get_hw_devices xc7a200t_0]
set_property PROGRAM.FILE {C:/Users/cakulev2/ham/hamamatsu/Christmas_Ham.runs/impl_1/hamamastu.bit} [get_hw_devices xc7a200t_0]
program_hw_devices [get_hw_devices xc7a200t_0]
INFO: [Labtools 27-3164] End of startup status: HIGH
program_hw_devices: Time (s): cpu = 00:00:19 ; elapsed = 00:00:19 . Memory (MB): peak = 3295.242 ; gain = 0.000
refresh_hw_device [lindex [get_hw_devices xc7a200t_0] 0]
INFO: [Labtools 27-2302] Device xc7a200t (JTAG device index = 0) is programmed with a design that has 1 ILA core(s).
run_hw_ila [get_hw_ilas -of_objects [get_hw_devices xc7a200t_0] -filter {CELL_NAME=~"ila_sample12"}]
INFO: [Labtools 27-1964] The ILA core 'hw_ila_1' trigger was armed at 2019-Apr-23 11:22:20
wait_on_hw_ila [get_hw_ilas -of_objects [get_hw_devices xc7a200t_0] -filter {CELL_NAME=~"ila_sample12"}]
display_hw_ila_data [upload_hw_ila_data [get_hw_ilas -of_objects [get_hw_devices xc7a200t_0] -filter {CELL_NAME=~"ila_sample12"}]]
INFO: [Labtools 27-1966] The ILA core 'hw_ila_1' triggered at 2019-Apr-23 11:22:27
INFO: [Labtools 27-3304] ILA Waveform data saved to file C:/Users/cakulev2/ham/hamamatsu/Christmas_Ham.hw/backup/hw_ila_data_1.ila. Use Tcl command 'read_hw_ila_data' or Vivado File->Import->Import ILA Data menu item to import the previously saved data.
set_property CONTROL.DATA_DEPTH 1024 [get_hw_ilas -of_objects [get_hw_devices xc7a200t_0] -filter {CELL_NAME=~"ila_sample12"}]
set_property PROBES.FILE {C:/Users/cakulev2/ham/hamamatsu/Christmas_Ham.runs/impl_1/hamamastu.ltx} [get_hw_devices xc7a200t_0]
set_property FULL_PROBES.FILE {C:/Users/cakulev2/ham/hamamatsu/Christmas_Ham.runs/impl_1/hamamastu.ltx} [get_hw_devices xc7a200t_0]
set_property PROGRAM.FILE {C:/Users/cakulev2/ham/hamamatsu/Christmas_Ham.runs/impl_1/hamamastu.bit} [get_hw_devices xc7a200t_0]
program_hw_devices [get_hw_devices xc7a200t_0]
INFO: [Labtools 27-3164] End of startup status: HIGH
program_hw_devices: Time (s): cpu = 00:00:19 ; elapsed = 00:00:19 . Memory (MB): peak = 3295.242 ; gain = 0.000
refresh_hw_device [lindex [get_hw_devices xc7a200t_0] 0]
INFO: [Labtools 27-2302] Device xc7a200t (JTAG device index = 0) is programmed with a design that has 1 ILA core(s).
run_hw_ila [get_hw_ilas -of_objects [get_hw_devices xc7a200t_0] -filter {CELL_NAME=~"ila_sample12"}]
INFO: [Labtools 27-1964] The ILA core 'hw_ila_1' trigger was armed at 2019-Apr-23 11:23:06
wait_on_hw_ila [get_hw_ilas -of_objects [get_hw_devices xc7a200t_0] -filter {CELL_NAME=~"ila_sample12"}]
display_hw_ila_data [upload_hw_ila_data [get_hw_ilas -of_objects [get_hw_devices xc7a200t_0] -filter {CELL_NAME=~"ila_sample12"}]]
INFO: [Labtools 27-1966] The ILA core 'hw_ila_1' triggered at 2019-Apr-23 11:23:13
INFO: [Labtools 27-3304] ILA Waveform data saved to file C:/Users/cakulev2/ham/hamamatsu/Christmas_Ham.hw/backup/hw_ila_data_1.ila. Use Tcl command 'read_hw_ila_data' or Vivado File->Import->Import ILA Data menu item to import the previously saved data.
reset_run synth_1
launch_runs impl_1 -to_step write_bitstream -jobs 4
[Tue Apr 23 11:24:32 2019] Launched synth_1...
Run output will be captured here: C:/Users/cakulev2/ham/hamamatsu/Christmas_Ham.runs/synth_1/runme.log
[Tue Apr 23 11:24:32 2019] Launched impl_1...
Run output will be captured here: C:/Users/cakulev2/ham/hamamatsu/Christmas_Ham.runs/impl_1/runme.log
set_property PROBES.FILE {C:/Users/cakulev2/ham/hamamatsu/Christmas_Ham.runs/impl_1/hamamastu.ltx} [get_hw_devices xc7a200t_0]
set_property FULL_PROBES.FILE {C:/Users/cakulev2/ham/hamamatsu/Christmas_Ham.runs/impl_1/hamamastu.ltx} [get_hw_devices xc7a200t_0]
set_property PROGRAM.FILE {C:/Users/cakulev2/ham/hamamatsu/Christmas_Ham.runs/impl_1/hamamastu.bit} [get_hw_devices xc7a200t_0]
program_hw_devices [get_hw_devices xc7a200t_0]
INFO: [Labtools 27-3164] End of startup status: HIGH
program_hw_devices: Time (s): cpu = 00:00:21 ; elapsed = 00:00:20 . Memory (MB): peak = 3295.242 ; gain = 0.000
refresh_hw_device [lindex [get_hw_devices xc7a200t_0] 0]
INFO: [Labtools 27-2302] Device xc7a200t (JTAG device index = 0) is programmed with a design that has 1 ILA core(s).
run_hw_ila [get_hw_ilas -of_objects [get_hw_devices xc7a200t_0] -filter {CELL_NAME=~"ila_sample12"}]
INFO: [Labtools 27-1964] The ILA core 'hw_ila_1' trigger was armed at 2019-Apr-23 11:30:13
set_property PROBES.FILE {C:/Users/cakulev2/ham/hamamatsu/Christmas_Ham.runs/impl_1/hamamastu.ltx} [get_hw_devices xc7a200t_0]
set_property FULL_PROBES.FILE {C:/Users/cakulev2/ham/hamamatsu/Christmas_Ham.runs/impl_1/hamamastu.ltx} [get_hw_devices xc7a200t_0]
set_property PROGRAM.FILE {C:/Users/cakulev2/ham/hamamatsu/Christmas_Ham.runs/impl_1/hamamastu.bit} [get_hw_devices xc7a200t_0]
program_hw_devices [get_hw_devices xc7a200t_0]
INFO: [Labtools 27-3164] End of startup status: HIGH
program_hw_devices: Time (s): cpu = 00:00:19 ; elapsed = 00:00:20 . Memory (MB): peak = 3295.242 ; gain = 0.000
refresh_hw_device [lindex [get_hw_devices xc7a200t_0] 0]
INFO: [Labtools 27-2302] Device xc7a200t (JTAG device index = 0) is programmed with a design that has 1 ILA core(s).
display_hw_ila_data [ get_hw_ila_data hw_ila_data_1 -of_objects [get_hw_ilas -of_objects [get_hw_devices xc7a200t_0] -filter {CELL_NAME=~"ila_sample12"}]]
run_hw_ila [get_hw_ilas -of_objects [get_hw_devices xc7a200t_0] -filter {CELL_NAME=~"ila_sample12"}]
INFO: [Labtools 27-1964] The ILA core 'hw_ila_1' trigger was armed at 2019-Apr-23 11:34:48
wait_on_hw_ila [get_hw_ilas -of_objects [get_hw_devices xc7a200t_0] -filter {CELL_NAME=~"ila_sample12"}]
display_hw_ila_data [upload_hw_ila_data [get_hw_ilas -of_objects [get_hw_devices xc7a200t_0] -filter {CELL_NAME=~"ila_sample12"}]]
INFO: [Labtools 27-1966] The ILA core 'hw_ila_1' triggered at 2019-Apr-23 11:34:54
INFO: [Labtools 27-3304] ILA Waveform data saved to file C:/Users/cakulev2/ham/hamamatsu/Christmas_Ham.hw/backup/hw_ila_data_1.ila. Use Tcl command 'read_hw_ila_data' or Vivado File->Import->Import ILA Data menu item to import the previously saved data.
reset_run synth_1
launch_runs impl_1 -to_step write_bitstream -jobs 4
[Tue Apr 23 11:36:21 2019] Launched synth_1...
Run output will be captured here: C:/Users/cakulev2/ham/hamamatsu/Christmas_Ham.runs/synth_1/runme.log
[Tue Apr 23 11:36:21 2019] Launched impl_1...
Run output will be captured here: C:/Users/cakulev2/ham/hamamatsu/Christmas_Ham.runs/impl_1/runme.log
