#-----------------------------------------------------------
# Vivado v2018.3 (64-bit)
# SW Build 2405991 on Thu Dec  6 23:38:27 MST 2018
# IP Build 2404404 on Fri Dec  7 01:43:56 MST 2018
# Start of session at: Fri Apr 19 15:37:06 2019
# Process ID: 2224
# Current directory: C:/Users/cakulev2/ham/hamamatsu
# Command line: vivado.exe -gui_launcher_event rodinguilauncherevent5484 C:\Users\cakulev2\ham\hamamatsu\Christmas_Ham.xpr
# Log file: C:/Users/cakulev2/ham/hamamatsu/vivado.log
# Journal file: C:/Users/cakulev2/ham/hamamatsu\vivado.jou
#-----------------------------------------------------------
start_gui
oopen_project C:/Users/cakulev2/ham/hamamatsu/Christmas_Ham.xpr
INFO: [Project 1-313] Project file moved from 'C:/Users/hshanbha/ham/hamamatsu' since last save.
Scanning sources...
Finished scanning sourcesIINFO: [IP_Flow 19-234] Refreshing IP repositories
INFO: [IP_Flow 19-1704] No user IP repositories specifiedIINFO: [IP_Flow 19-2313] Loaded Vivado IP repository 'C:/Xilinx/Vivado/2018.3/data/ip'.open_project: Time (s): cpu = 00:00:14 ; elapsed = 00:00:24 . Memory (MB): peak = 712.109 ; gain = 156.754
uupdate_compile_order -fileset sources_1eupdate_compile_order -fileset sources_1
reset_run synth_1
launch_runs impl_1 -to_step write_bitstream -jobs 4
[Fri Apr 19 15:46:57 2019] Launched synth_1...
Run output will be captured here: C:/Users/cakulev2/ham/hamamatsu/Christmas_Ham.runs/synth_1/runme.log
[Fri Apr 19 15:46:57 2019] Launched impl_1...
Run output will be captured here: C:/Users/cakulev2/ham/hamamatsu/Christmas_Ham.runs/impl_1/runme.log
open_run impl_1
INFO: [Netlist 29-17] Analyzing 565 Unisim elements for replacement
INFO: [Netlist 29-28] Unisim Transformation completed in 1 CPU seconds
INFO: [Project 1-479] Netlist was created with Vivado 2018.3
INFO: [Device 21-403] Loading part xc7a200tfbg484-1
INFO: [Project 1-570] Preparing netlist for logic optimization
INFO: [Timing 38-478] Restoring timing data from binary archive.
INFO: [Timing 38-479] Binary timing data restore complete.
INFO: [Project 1-856] Restoring constraints from binary archive.
INFO: [Project 1-853] Binary constraint restore complete.
Reading XDEF placement.
Reading placer database...
Reading XDEF routing.
Read XDEF File: Time (s): cpu = 00:00:01 ; elapsed = 00:00:00.802 . Memory (MB): peak = 1824.910 ; gain = 0.000
Restored from archive | CPU: 1.000000 secs | Memory: 0.000000 MB |
Finished XDEF File Restore: Time (s): cpu = 00:00:01 ; elapsed = 00:00:00.803 . Memory (MB): peak = 1824.910 ; gain = 0.000
Netlist sorting complete. Time (s): cpu = 00:00:00 ; elapsed = 00:00:00.005 . Memory (MB): peak = 1824.910 ; gain = 0.000
INFO: [Project 1-111] Unisim Transformation Summary:
  A total of 285 instances were transformed.
  CFGLUT5 => CFGLUT5 (SRLC32E, SRL16E): 164 instances
  IOBUF => IOBUF (IBUF, OBUFT): 33 instances
  LUT6_2 => LUT6_2 (LUT5, LUT6): 38 instances
  RAM128X1S => RAM128X1S (MUXF7, RAMS64E, RAMS64E): 8 instances
  RAM32M => RAM32M (RAMD32, RAMD32, RAMD32, RAMD32, RAMD32, RAMD32, RAMS32, RAMS32): 10 instances
  RAM64M => RAM64M (RAMD64E, RAMD64E, RAMD64E, RAMD64E): 32 instances

open_run: Time (s): cpu = 00:00:31 ; elapsed = 00:00:26 . Memory (MB): peak = 1954.223 ; gain = 1097.809
reset_run synth_1
launch_runs impl_1 -to_step write_bitstream -jobs 4
[Fri Apr 19 16:41:15 2019] Launched synth_1...
Run output will be captured here: C:/Users/cakulev2/ham/hamamatsu/Christmas_Ham.runs/synth_1/runme.log
[Fri Apr 19 16:41:15 2019] Launched impl_1...
Run output will be captured here: C:/Users/cakulev2/ham/hamamatsu/Christmas_Ham.runs/impl_1/runme.log
open_hw
INFO: [Labtools 27-2285] Connecting to hw_server url TCP:localhost:3121
INFO: [Labtools 27-2222] Launching hw_server...
INFO: [Labtools 27-2221] Launch Output:

****** Xilinx hw_server v2018.3
  **** Build date : Dec  7 2018-00:40:27
    ** Copyright 1986-2018 Xilinx, Inc. All Rights Reserved.


connect_hw_server: Time (s): cpu = 00:00:02 ; elapsed = 00:00:10 . Memory (MB): peak = 2155.906 ; gain = 2.332
ERROR: [Labtools 27-2269] No devices detected on target localhost:3121/xilinx_tcf/Xilinx/000018af8cf001.
Check cable connectivity and that the target board is powered up then
use the disconnect_hw_server and connect_hw_server to re-register this hardware target.
ERROR: [Labtools 27-2269] No devices detected on target localhost:3121/xilinx_tcf/Xilinx/000018af8cf001.
Check cable connectivity and that the target board is powered up then
use the disconnect_hw_server and connect_hw_server to re-register this hardware target.
ERROR: [Labtools 27-2269] No devices detected on target localhost:3121/xilinx_tcf/Xilinx/000018af8cf001.
Check cable connectivity and that the target board is powered up then
use the disconnect_hw_server and connect_hw_server to re-register this hardware target.
INFO: [Labtools 27-2285] Connecting to hw_server url TCP:localhost:3121
ERROR: [Labtools 27-2269] No devices detected on target localhost:3121/xilinx_tcf/Xilinx/000018af8cf001.
Check cable connectivity and that the target board is powered up then
use the disconnect_hw_server and connect_hw_server to re-register this hardware target.
ERROR: [Labtools 27-2269] No devices detected on target localhost:3121/xilinx_tcf/Xilinx/000018af8cf001.
Check cable connectivity and that the target board is powered up then
use the disconnect_hw_server and connect_hw_server to re-register this hardware target.
ERROR: [Labtools 27-2269] No devices detected on target localhost:3121/xilinx_tcf/Xilinx/000018af8cf001.
Check cable connectivity and that the target board is powered up then
use the disconnect_hw_server and connect_hw_server to re-register this hardware target.
close_hw
open_hw
INFO: [Labtools 27-2285] Connecting to hw_server url TCP:localhost:3121
INFO: [Labtools 27-2222] Launching hw_server...
INFO: [Labtools 27-2221] Launch Output:

****** Xilinx hw_server v2018.3
  **** Build date : Dec  7 2018-00:40:27
    ** Copyright 1986-2018 Xilinx, Inc. All Rights Reserved.


connect_hw_server: Time (s): cpu = 00:00:02 ; elapsed = 00:00:10 . Memory (MB): peak = 2159.824 ; gain = 0.000
ERROR: [Labtools 27-2269] No devices detected on target localhost:3121/xilinx_tcf/Xilinx/000018afa6fd01.
Check cable connectivity and that the target board is powered up then
use the disconnect_hw_server and connect_hw_server to re-register this hardware target.
INFO: [Labtools 27-2285] Connecting to hw_server url TCP:localhost:3121
connect_hw_server: Time (s): cpu = 00:00:02 ; elapsed = 00:00:08 . Memory (MB): peak = 2159.824 ; gain = 0.000
ERROR: [Labtools 27-2269] No devices detected on target localhost:3121/xilinx_tcf/Xilinx/000018afa6fd01.
Check cable connectivity and that the target board is powered up then
use the disconnect_hw_server and connect_hw_server to re-register this hardware target.
ERROR: [Labtools 27-2269] No devices detected on target localhost:3121/xilinx_tcf/Xilinx/000018afa6fd01.
Check cable connectivity and that the target board is powered up then
use the disconnect_hw_server and connect_hw_server to re-register this hardware target.
ERROR: [Labtools 27-2269] No devices detected on target localhost:3121/xilinx_tcf/Xilinx/000018afa6fd01.
Check cable connectivity and that the target board is powered up then
use the disconnect_hw_server and connect_hw_server to re-register this hardware target.
close_hw
open_hw
INFO: [Labtools 27-2285] Connecting to hw_server url TCP:localhost:3121
ERROR: [Labtools 27-2269] No devices detected on target localhost:3121/xilinx_tcf/Xilinx/000018afa6fd01.
Check cable connectivity and that the target board is powered up then
use the disconnect_hw_server and connect_hw_server to re-register this hardware target.
exit
INFO: [Common 17-206] Exiting Vivado at Fri Apr 19 16:50:14 2019...
